
=== Fri May 13 15:59:51 2022

Packages were changed.
Update Mode: updateDependencies

The following packages were added:
  com.unity.2d.sprite@1.0.0
  com.unity.2d.tilemap@1.0.0
  com.unity.ide.rider@3.0.13
  com.unity.ide.visualstudio@2.0.14
  com.unity.ide.vscode@1.2.5
  com.unity.modules.androidjni@1.0.0
  com.unity.test-framework@1.1.31
  com.unity.timeline@1.6.4
  com.unity.ugui@1.0.0
  com.unity.xr.legacyinputhelpers@2.1.9
The following packages were updated:
  com.unity.ads from version 2.0.8 to 3.7.5
  com.unity.analytics from version 3.2.2 to 3.6.12
  com.unity.collab-proxy from version 1.2.16 to 1.15.16
  com.unity.purchasing from version 2.0.3 to 4.1.3
  com.unity.textmeshpro from version 1.3.0 to 3.0.6
The following packages were removed:
  com.unity.package-manager-ui@2.0.3

=== Mon May 22 23:19:37 2023

Packages were changed.
Update Mode: updateDependencies

The following packages were updated:
  com.unity.ads from version 3.7.5 to 4.4.1
  com.unity.collab-proxy from version 1.15.16 to 2.0.3
  com.unity.ide.rider from version 3.0.13 to 3.0.18
  com.unity.ide.visualstudio from version 2.0.14 to 2.0.17
  com.unity.purchasing from version 4.1.3 to 4.7.0
  com.unity.xr.legacyinputhelpers from version 2.1.9 to 2.1.10

=== Fri Jul  7 12:12:05 2023

Packages were changed.
Update Mode: updateDependencies

The following packages were updated:
  com.unity.purchasing from version 4.7.0 to 4.8.0
  com.unity.timeline from version 1.6.4 to 1.6.5

=== Fri Jun 21 15:09:56 2024

Packages were changed.
Update Mode: updateDependencies

The following packages were added:
  com.unity.ai.navigation@1.1.5
The following packages were updated:
  com.unity.analytics from version 3.6.12 to 3.8.1
  com.unity.collab-proxy from version 2.0.4 to 2.3.1
  com.unity.ide.visualstudio from version 2.0.18 to 2.0.22
  com.unity.purchasing from version 4.8.0 to 4.11.0
  com.unity.timeline from version 1.6.5 to 1.7.6

=== Sat Jul 27 22:36:59 2024

Packages were changed.
Update Mode: updateDependencies

The following packages were updated:
  com.unity.collab-proxy from version 2.3.1 to 2.4.3
